39 221 296 212 8 162 127 137 218 18 63 79 113 53 277 282 146 122 254 158 86 170 195 140 42 131 98 20 292 141 100 30 251 186 143 178 173 247 132 183
37 216 34 87 110 80 259 92 227 150 263 125 129 226 96 29 28 217 14 111 191 177 23 6 76 283 201 248 255 242 142 297 262 229 1 49 149 175
33 167 168 108 88 4 159 13 290 56 171 156 21 39 214 239 271 89 237 147 90 70 5 205 223 152 154 256 37 208 9 211 169 2
35 0 85 75 286 203 220 95 285 57 245 91 281 128 241 222 185 268 236 61 73 269 101 81 45 199 238 78 59 215 206 272 84 77 274 165
31 234 54 103 246 24 210 136 193 273 187 38 200 224 32 284 121 26 11 109 114 25 16 265 182 71 120 47 240 153 151 130
30 36 275 72 294 133 58 15 261 44 232 230 102 202 295 27 197 48 10 139 219 264 55 145 280 228 126 233 189 278 52
27 180 41 7 299 62 225 60 166 174 244 64 157 243 22 190 93 119 291 35 266 115 155 43 231 97 135 257
19 33 249 148 161 107 19 188 172 82 207 298 235 83 112 106 176 17 279 194
18 179 184 134 260 74 198 40 50 209 163 118 124 196 67 66 252 270 69
17 65 164 276 144 213 204 68 3 253 160 287 181 51 104 288 46 293
9 116 99 105 267 258 138 31 12 94
4 117 250 289 123
1 192
0 
0 
0 
0 
0 
0 
0 
0 
0 
0 
0 
0 
0 
0 
0 
0 
0 
0 
0 
0 
0 
0 
0 
0 
0 
0 
0 
0 
0 
0 
0 
0 
0 
0 
0 
0 
0 
0 
0 
0 
0 
0 
0 
0 
0 
0 
0 
0 
0 
0 
0 
0 
0 
0 
0 
0 
0 
0 
0 
0 
0 
0 
0 
0 
0 
0 
0 
0 
0 
0 
0 
0 
0 
0 
0 
0 
0 
0 
0 
0 
0 
0 
0 
0 
0 
0 
0 
