1 4131
1 9673
1 7635
1 9719
1 278
1 1523
1 2080
1 4381
1 4640
1 5078
1 2679
1 6373
1 9869
1 4514
1 3224
1 6324
1 6101
1 2303
1 1594
1 9107
1 1954
1 2563
1 1747
1 7360
1 1963
1 516
1 3311
1 7512
1 6713
1 8285
1 7024
1 3243
1 3869
1 3110
1 6991
1 3545
1 6579
1 4733
1 536
1 8711
1 7917
1 101
1 1035
1 6016
1 8658
1 1767
1 3726
1 9421
1 5230
1 2253
1 3428
1 5375
1 7014
1 2610
1 1476
1 6158
1 4943
1 6127
1 1864
1 1745
1 1283
1 4359
1 1608
1 6835
1 6664
1 2363
1 8192
1 3982
1 2051
1 1448
1 8669
1 250
1 5785
1 6513
1 1441
1 2717
1 4185
1 9637
1 4372
1 7503
1 240
