41 1900 4494 6381 1040 5902 6607 8024 2026 7927 1221 6475 849 1496 8176 2665 7933 2453 6932 1679 1840 9006 946 7106 7365 2093 4684 3955 6660 3132 6010 5788 5290 2976 2219 7008 5753 8226 6241 9227 181 1558
30 7005 4742 9514 2917 7929 1353 3743 2418 397 2184 7659 7610 9460 2237 654 1957 7264 5266 3864 6335 5242 4134 8648 8647 2847 1456 8120 2509 7223 8789
32 837 549 4618 7040 4637 3471 6965 567 5213 7320 2736 8755 728 8593 72 7331 855 8234 3598 2380 404 7157 4668 9746 2985 1619 2277 635 430 6559 7713 8377
22 48 2720 6706 768 3168 9046 5991 1589 4496 8721 5880 3447 859 5157 1165 6282 3823 3670 2029 5038 4793 6870
39 2009 7861 4758 3855 6961 1735 4098 5027 4536 2297 3026 9182 2751 4394 7266 8291 6171 4217 3406 8432 253 471 2459 8461 4961 9413 6934 1878 8100 2604 5130 6627 5494 1230 8770 5273 9304 9536 8850
47 3156 6822 5934 273 222 4143 297 3239 9020 2313 394 6794 6329 9463 9503 3490 6069 7934 6927 9737 3675 3621 6056 4772 6908 1345 4549 7521 963 5966 1836 2257 3806 8457 2092 3423 2266 911 4570 3652 9499 3665 7789 1418 3528 2658 6111
36 303 700 7957 29 8204 6843 8029 1013 5744 8713 6304 6307 730 8803 7884 2178 8116 3122 2115 2760 2933 7529 7718 2996 6014 7345 8975 4178 9857 4095 8479 8456 4994 7376 6453 7173
34 4839 9619 7070 5860 6831 1664 3025 1563 4980 3050 5620 7668 4659 8951 2578 9900 459 1458 8510 3278 7483 4632 8512 4102 2030 2419 7378 4325 7166 9818 8865 3887 7825 1212
28 4094 9752 423 6815 606 8758 6150 3424 4935 2681 3947 3073 5957 5719 7579 6196 9710 4593 1169 8996 7488 1061 9360 5443 1826 4897 5819 2983
43 1335 1305 1273 8950 2020 5304 1993 8698 8213 4877 2641 7210 6155 3403 1200 1326 32 5656 3232 3418 9156 8266 2264 7389 9754 8437 3130 3738 8525 888 9161 6624 9794 4596 2726 1213 5551 5047 5758 5179 8122 7093 5672
37 3580 311 3651 6747 1635 2422 277 8309 8915 7226 3420 4953 2732 1311 5100 7971 4856 6857 1980 5314 4136 8931 1989 8317 9060 8875 5648 4022 6725 5846 2843 6943 9277 1602 5508 722 4243
17 5137 1794 7687 9864 9252 9379 1946 9444 356 1371 5921 5513 598 6093 8374 6191 5173
35 1992 3090 6916 3371 8342 2507 19 3918 7891 5189 6200 3585 782 3398 5263 3468 4006 9091 6923 5747 3091 192 5223 8056 6195 9340 7395 8260 2821 7391 790 5988 5280 9970 3985
31 4377 9847 8731 4071 8329 1978 5222 3249 5387 4428 9137 1973 3993 4123 3165 7014 3496 6708 3776 8591 6122 7189 7720 9723 7772 9635 170 6748 638 6260 9326
34 2949 9563 3167 6541 610 8587 4873 3409 4885 8699 6786 5480 9302 7237 5249 9939 2398 6264 8439 5590 5118 9995 4480 861 79 4702 783 7880 3113 4778 3928 9827 2840 9472
23 8292 8890 119 8088 9237 7265 7107 6175 6736 7480 3771 5177 5197 4633 562 5667 7722 6051 4476 7766 2848 4955 1134
41 4435 1867 5769 1005 7141 4687 7849 3546 3294 5858 6068 6206 4848 3833 2470 4862 4355 8956 3394 8193 501 5092 2805 4663 1901 2004 9807 717 9491 6653 3015 1594 763 6944 6294 1677 5230 9776 5253 5108 8022
33 5018 9003 6901 8670 1755 4139 141 5426 8373 2332 6234 4985 7217 5552 2197 2913 8496 2514 4216 7774 3653 8702 1482 8724 6045 7026 8613 8078 5458 472 8185 710 8700
39 9913 9979 4586 3245 8302 2788 2523 3603 6550 1175 6023 4990 3315 1016 2444 1328 6799 9213 7094 5019 8954 6215 5807 8600 5085 6084 9525 8114 8046 2301 7369 8943 1497 383 7996 1290 9558 5063 3259
40 9256 6913 1372 109 726 1489 6168 8832 4761 2132 5650 3190 1613 4724 2525 7080 2104 8911 2935 1047 7860 964 9293 2162 5546 5126 3899 8144 7664 4791 5051 1536 2329 3860 9937 5939 5029 3812 7795 1150
42 5299 6263 713 5235 9325 541 3103 4495 7229 5971 2738 3596 8020 5112 8792 5516 9289 5228 6270 9466 8694 5792 9073 6915 3372 2383 3672 5532 7510 9049 9713 4294 597 1507 4061 3287 5431 9 9646 8278 4177 4891
36 1209 7936 2324 1438 7180 6558 3104 5554 6536 6818 9450 5107 823 7916 8378 2753 3203 6593 2407 536 9607 9541 4265 1493 9372 4755 9468 2849 7127 9280 913 3310 6365 3984 6060 3617
18 6783 672 5192 4679 7230 7357 3024 7347 2797 7629 6865 3811 1199 7990 7 1360 1478 1114
35 2920 2735 5445 563 8447 3129 565 417 8093 4957 9171 7253 3949 7315 8667 9687 8741 1337 5529 3973 619 8362 2500 9825 8231 8744 9519 2689 1129 4149 3965 9560 3690 4156 6342
31 84 3055 9679 9550 5517 6765 2305 6352 1949 6537 8938 3532 8257 7234 8952 2402 1771 3221 174 1661 5321 1362 9660 3644 5735 5202 9369 9831 3408 7937 2117
41 677 3607 8518 6277 769 5300 6695 2559 9283 5649 6208 1792 6739 982 4854 3098 5679 7900 8326 283 5167 4982 803 4732 7728 621 5680 1032 9352 3427 2005 2435 6421 5688 9714 4683 8898 2271 1343 142 3569
32 7399 6689 203 5285 9705 3783 2651 6647 3434 9077 5998 6437 4426 3767 4902 5419 3777 4932 954 570 1333 1575 4132 3922 1726 9307 1084 1865 2540 1261 3994 9677
22 2432 1097 1105 3540 6740 5890 7372 7446 3191 7883 2999 2033 3940 3261 4828 4796 6534 2170 9781 5653 8119 9573
32 7270 9649 8021 7117 6164 1955 533 6903 3807 8421 5050 6346 9731 8631 2164 1292 6987 1461 6713 6240 1555 9391 2490 5867 9773 4257 948 4446 5476 1207 9990 7036
37 3253 2247 8708 9888 4948 2589 5743 7451 1100 2511 5214 1527 7574 5686 4115 895 5674 2817 3729 614 3828 6560 4341 6500 9066 1659 4542 8507 3792 2321 2698 759 59 2130 9906 8957 2813
35 9393 5693 5324 6807 4894 2576 445 9901 6912 7737 4613 3542 2323 7364 8652 8782 3230 6469 213 6802 8668 6661 9399 8568 5787 9956 7611 8877 443 1327 1962 8178 2544 8301 8217
34 1178 8783 658 9406 2536 1984 8739 874 825 9549 9464 7438 1511 8245 8760 4329 8592 7244 8206 2372 6401 3106 8398 7073 4918 1570 6080 9589 8612 1823 1226 7641 8710 976
37 1315 4601 2883 2316 2869 5406 8184 6125 7097 9100 6597 5526 4353 6596 3216 5872 467 9930 2485 760 3059 5826 6095 7518 3248 9759 7079 2521 3422 4841 9749 6978 758 9829 3286 3386 5501
34 1543 2015 4475 1773 8104 4194 1959 1777 9819 8188 7941 4879 9612 1752 4072 8764 8140 4698 5220 9218 5136 5355 9695 9173 2647 229 7869 3945 2606 6384 9700 2441 3313 7049
44 7475 7429 3817 519 2061 4346 3693 7709 1170 1113 8449 1697 5205 6255 3475 4376 2982 1046 1256 6672 8610 6838 3750 936 1499 4407 3233 4915 4122 3431 6050 5671 725 522 5928 6482 1120 9168 316 82 1939 1318 5629 4622
35 1066 8878 8559 8675 2327 6662 7889 4546 8586 1530 2975 5954 5212 1550 9871 5627 8071 6117 8528 3927 6144 6499 6341 6435 2161 491 5623 5545 2312 6364 5318 3064 5720 2049 1929
33 4309 9305 5717 6228 489 1724 7186 789 3459 4455 8574 1010 4720 8766 9557 5783 1910 7284 153 8304 7071 7675 4118 9903 5454 3037 8467 9294 4519 623 5806 89 626
37 2356 4059 3549 7913 2714 9851 7792 368 7456 8687 5933 9141 8883 7502 9378 4440 2850 8817 5558 8495 3525 3820 3217 3472 3350 5673 8579 3275 4700 8391 8735 4641 3656 1082 343 3120 1410
22 88 1138 5086 3555 5341 8728 5402 3655 5948 8055 5510 1674 6756 6327 7444 3772 8383 1781 943 3861 4716 2225
37 8175 7499 4058 583 8420 2944 9852 2426 8274 5541 7874 6749 1386 1460 5593 5082 8324 81 5451 2977 2614 8590 8958 9674 4936 2889 6599 6640 960 1242 1225 2307 3265 4779 3620 5697 5859
30 2581 6455 9469 4836 3057 1474 9458 6962 4937 7222 2042 2596 453 8010 4322 8896 9598 8305 5319 4306 5142 4670 9373 8825 9971 6717 7496 9938 1439 6467
30 2571 1776 7640 7911 8787 1384 1860 271 200 2782 3614 3210 5039 2729 2532 1682 815 5706 9455 1099 7519 1231 2145 7163 4723 2656 9717 1652 8171 6221
33 7928 8477 9675 2912 8520 6656 3147 7323 1111 376 2385 643 8798 1981 7006 5353 9270 6858 7353 7646 3437 2524 7997 3890 1788 8222 5269 5204 7035 3238 8722 4145 5370
24 3869 3307 6198 8395 4882 7227 8505 8026 2804 8293 4777 5444 5015 8499 7694 5146 6368 1969 6676 8106 3892 3724 9673 5571
21 2519 6663 9449 3640 5359 4084 3512 267 3539 420 1621 3144 6980 1270 7514 6071 1675 766 1001 4987 4846
22 2135 9409 2384 1201 381 313 2984 7503 9844 4224 4263 2051 8475 1058 6790 968 8732 773 398 8527 2897 5586
42 1515 7561 1528 61 6694 8932 7287 8425 7129 3951 8323 3773 3830 989 9634 7710 6969 1355 5913 1985 3930 5514 7501 7689 8334 1075 3763 6707 3982 500 309 9853 6704 3888 5742 791 5883 86 8641 8098 7115 6063
27 6412 7401 622 4066 7188 3049 7612 2942 1874 8173 4503 382 3421 3859 4824 4669 4060 7615 4647 7802 4438 8065 3504 9521 2564 2448 7441
38 7965 4855 4307 8962 2941 2429 6900 7064 9405 6135 6884 9666 9965 8254 6856 8989 6966 6280 1023 6897 7531 6539 7966 198 162 1498 2761 2891 5752 3882 5246 6193 1940 2592 8363 4909 9834 6170
28 9504 5090 7312 3594 8035 775 6630 5567 9624 8450 1967 6447 278 4135 6289 7674 1554 8356 4814 1379 1128 3003 8487 7673 4040 2964 6613 8054
16 5440 3444 1135 4409 7209 2591 324 6300 3957 4731 1966 9993 5876 6210 1705 4124
46 1757 9140 1888 741 9411 5343 3257 4223 5698 9627 7249 6338 4920 5712 1 6886 8555 7171 3746 1595 7915 550 912 618 1720 7538 8025 3832 9363 7486 6667 5333 7667 2727 4037 9905 9580 2353 9010 5937 7649 7881 1210 295 4750 3737
33 474 8703 1833 4829 8285 4016 1272 3537 6809 7411 2076 8970 2072 9912 2023 8160 4499 2526 2740 3212 3053 589 9914 4530 9608 9650 2238 3093 962 5415 3032 4103 2508
41 6466 117 55 3281 6160 3697 4984 6849 3160 7319 2657 1640 7085 6764 2442 7922 6814 7477 9833 4965 4634 7680 7148 3470 9083 2348 2682 2688 9788 2579 3297 1481 1663 7748 7751 8396 4911 391 2691 5606 5841
37 8310 7657 375 8102 1447 5727 7198 7846 3865 9011 1628 1634 7847 7041 7134 4278 1912 1531 3031 5154 8693 1649 1857 1463 3736 5863 6564 1258 9343 652 1149 1728 251 5474 9918 6113 1569
21 5335 3578 481 9633 6430 8831 8236 2741 8642 4099 876 8407 3225 2584 7571 2476 1927 5776 4363 8589 240
34 568 5424 9523 8406 3564 7318 1227 1228 6658 3196 4437 2520 9274 457 8464 1102 6480 3531 6367 4924 5901 2034 6974 9894 1933 7015 4861 7905 7784 2073 1472 2203 2755 3346
42 9707 920 5716 5381 219 6269 9090 3138 1588 128 4673 9104 3915 7190 4652 1215 3530 7562 6218 1264 953 6821 2137 8935 3913 8779 5852 6847 7945 8465 7892 2987 246 7158 648 8380 1473 6258 9577 8718 2273 9476
23 7956 9799 4150 6039 1399 1310 8532 7153 9959 9093 6310 5066 6890 4983 9922 1903 5894 8508 7215 3719 4277 6721 3755
29 6403 113 3333 1605 8158 2106 7677 1363 9382 4202 8682 6985 8367 896 3124 7816 396 8851 6106 9157 4840 1387 8284 7061 5296 7235 8594 3929 4241
38 719 9166 9935 6199 5990 9768 3976 7314 854 4035 657 5279 40 1330 7381 8807 3925 3635 8822 3878 6337 7893 7258 2317 5707 2855 9772 4261 3819 4126 3780 1972 9940 3347 6919 3880 9430 939
34 187 961 734 6633 1883 5615 8209 6877 3601 493 9109 8194 1181 1415 5070 5394 2154 613 5805 2350 3401 2199 4655 548 7181 4860 2629 6373 2583 6088 5294 2410 9354 1020
30 6252 3276 1406 4959 6735 3092 7102 3680 5428 4485 5837 1864 8028 4654 5794 8169 1342 4597 4076 6990 2672 4381 9040 8894 4580 6334 4735 4531 3543 9569
25 8773 842 400 4833 9813 3821 9927 223 7591 5761 6395 7623 8256 4287 7055 3698 3950 314 6177 6322 2922 8163 4047 3458 1378
22 3629 372 3149 6321 7232 9497 8761 6491 636 4821 9330 4646 4375 9555 4364 7151 3335 3712 566 1293 8113 8921
38 5970 7952 3692 6780 7293 2424 6745 7557 506 753 1686 9158 4696 2790 4046 4211 5188 5768 561 8917 5052 7528 4524 4254 7775 9502 7074 9057 3627 3787 5659 3378 7818 7069 1931 4865 2276 8543
20 5868 3654 6293 5344 1942 1297 30 8871 4642 7231 8963 9407 3625 3300 7581 2090 3218 5682 8210 3021
33 2695 24 2986 7877 2176 7558 7301 7805 1872 8533 6751 6775 7077 5191 9643 8997 6130 9929 9009 2085 5823 4671 7144 3720 7481 8295 5429 5198 3042 3284 6016 2586 6185
28 4525 6115 9216 6456 3667 1194 6004 248 9144 4207 2212 894 6823 5882 4001 160 9892 7033 764 9339 8223 9301 3871 662 432 7146 9766 9380
37 9313 3988 5598 2278 554 1332 1838 8711 8059 4806 4914 8037 39 7817 1709 2722 357 3027 4144 1990 647 3183 8455 4193 555 2391 204 4226 2103 5239 1544 4451 2200 8552 9374 9796 5244
31 1560 5885 2008 2774 7810 8458 2748 2963 1778 5576 4398 7812 3843 1048 5074 8746 6864 6064 3907 8601 7018 771 9348 7605 2365 6960 3095 0 7011 4042 8154
34 4078 4842 3457 1815 2296 2166 1734 6741 8573 8448 830 3453 6024 9842 7278 9044 1786 139 359 4579 5111 4975 8405 860 5432 4563 8090 3046 2280 6595 795 7111 4319 247
13 6031 7088 4583 2079 7575 3946 9482 6515 478 8730 7133 4432 2208
30 8640 7119 6418 6654 3579 1630 4260 8848 8892 6265 5816 6454 3112 8445 7912 1746 9019 1629 1382 5525 2757 577 5585 7247 673 5493 7213 4551 218 6479
29 7463 9084 4214 9698 9733 8489 4387 8376 9191 4164 720 6473 9071 2981 1101 6902 523 3731 4566 2758 3837 4269 6788 8580 2300 5848 8375 4292 1038
30 7013 7428 4910 3317 1313 6567 4101 6305 169 2217 380 2505 7466 4244 4921 7594 8218 9205 1525 9395 7095 7961 8392 3491 2449 5408 8087 231 2055 1300
32 6670 7862 5818 3384 1421 956 5711 354 9134 9035 6784 9151 6850 1428 2715 7100 5080 2214 2872 6551 6760 6099 8834 7885 8910 5964 4197 9387 447 590 7460 1948
24 7109 6767 6529 3358 2314 454 350 9029 1277 6387 5754 7420 931 3889 7452 1825 3898 762 1958 8308 7002 910 8947 7058
34 6002 3442 157 9581 6044 666 4405 5433 300 2386 930 1768 6333 8150 6165 6816 8524 3796 7417 2274 8946 2487 312 2262 6616 6070 8168 7831 3400 4185 9311 1359 3664 5665
30 4008 4090 6724 4056 7455 7114 5358 6752 4635 2718 6939 3251 3893 1551 1740 7543 8170 4030 7671 8765 2822 5895 4976 5874 3518 8424 325 6458 3723 3969
22 3696 3708 3502 8379 6956 8101 5603 847 8444 9056 8960 9376 1882 7419 6628 7854 6284 1877 5822 4616 6358 1190
31 2465 957 9291 7711 7329 1251 245 7638 4349 4705 7152 5409 2011 3901 1947 6389 3163 9470 539 8286 8757 2050 3243 486 5003 8452 6968 8265 980 1088 3380
32 9976 3030 8965 2551 2160 64 9195 2602 5009 6156 7221 6319 9783 4682 8544 495 940 2378 5832 5936 9174 2069 5467 5750 6700 6207 8897 3591 3749 5538 4186 8131
29 4379 8840 3008 7108 2261 4245 4007 7245 952 8984 9652 8659 5306 688 2016 2254 3000 335 4849 3713 9367 3034 4229 2194 712 1641 6576 3134 7601
41 5497 585 7799 2531 9820 8557 5237 6851 3989 1267 3375 2245 5054 4585 6705 6244 2377 2556 1944 2909 3121 5442 3377 1154 3613 450 27 9188 6154 5820 2392 5555 5544 2703 8282 4927 6465 4133 1019 8535 4538
38 268 3410 7140 1637 8736 9473 902 661 7355 4213 8686 4031 6746 897 9644 7620 3894 1394 7046 8513 8076 4745 96 2517 110 1713 5560 7484 4041 16 9120 9850 6052 7017 6257 7783 6997 5723
24 1269 7993 8459 2143 9267 428 5566 950 5012 4887 7767 7431 9217 4199 7959 6496 2905 2697 6246 1454 6585 5334 4374 7404
11 580 5881 8227 2057 7809 574 7765 5726 1708 4504 3207
20 6649 8271 6189 3005 2538 3170 8967 5559 5786 7192 7886 3553 4831 7721 505 2951 4490 5390 8480 7252
23 4788 1414 7948 9221 4893 695 366 8067 5689 2563 3010 7354 441 1329 6328 7655 6112 3863 5865 8517 9517 1510 2597
40 5161 3527 6123 9920 5369 5748 9815 9702 6101 5853 2673 3227 8296 7474 7167 1924 5094 8470 4312 4978 8270 5360 80 2868 5677 9662 8005 7241 4859 9007 7803 5435 371 2679 9782 1522 2227 9131 1006 8069
26 8179 1879 1492 4414 2436 873 1422 3086 3567 7958 5906 2752 2674 5997 1039 8208 8942 6074 8867 7618 4445 5896 1087 4338 5225 9329
28 6952 9626 8086 1323 8435 8073 4507 3795 2992 9524 330 1079 9546 7811 1521 5441 416 6100 269 5515 966 7669 2259 5563 8622 8057 4803 8414
33 9207 9187 6502 8484 5808 699 9246 3176 6192 41 8434 7870 9654 6141 2927 908 7873 4117 8111 5506 9119 6230 2002 8625 5283 4413 3460 1419 9451 6994 4013 9638 6494
32 6424 2603 7028 9052 8566 9316 4421 5120 977 1667 7208 6026 751 3215 4636 8945 4832 2737 991 3968 1289 8215 3096 3303 6954 4545 8441 6950 9129 7968 6644 7182
39 5245 7020 7082 4467 9889 1509 8860 886 4105 7564 9837 3584 9694 4690 3328 8212 8516 3009 4237 6008 4423 9653 4917 5277 8754 721 9551 3048 345 3814 5469 7617 1698 5460 8538 6533 5714 5857 8019
23 7468 8486 9082 6120 5373 5385 3139 5810 9175 6180 3639 3355 2483 1442 8386 6614 2421 9215 5058 6492 5449 9097 7700
31 1866 6139 7156 9985 3396 9485 4629 4541 3290 1721 137 7796 6820 4190 261 5675 2294 4234 2336 3897 2471 9907 925 6992 3367 8332 5790 6271 6288 8582 2163
29 8578 8588 2497 3740 8546 8214 9074 6808 586 6059 6772 279 1519 1827 6431 3519 3726 5297 6278 7324 9873 7744 4189 4157 5923 3255 8123 6152 4662
22 9121 2745 6971 2128 7176 6839 6605 9758 4997 8129 3813 9111 7160 5270 496 6949 8634 1998 1614 7586 6507 6127
27 8509 5227 1609 1024 9412 4661 9636 3565 476 4025 7175 2267 8966 1196 4023 5315 5755 9016 8658 429 9439 1935 1586 4069 5398 2659 8350
18 4644 9806 5757 2717 5866 5557 118 121 544 1791 7866 8916 3428 26 414 3560 9172 3883
28 9670 8149 3197 4706 2899 8426 3779 5777 6710 5756 3433 4326 1168 8780 6345 7998 6866 7259 3487 3674 9748 7656 1151 3485 9310 5940 1216 5578
30 6361 8189 3311 5721 5829 6563 6825 6062 9566 4498 9226 7726 6140 6806 8428 6824 7626 1953 2358 1572 262 3517 9982 7139 7067 5281 9909 6433 2463 5543
17 3321 2126 1160 4871 8239 624 3392 1050 1604 4529 3827 3762 5760 6664 2032 1722 2169
11 3647 3759 7679 3905 9287 6007 6035 3172 1642 8862 3618
34 8564 6404 5491 315 530 2118 3462 5699 1500 9042 4372 7203 8595 546 9028 5684 3450 2835 2599 5061 2159 5482 8165 7960 5570 5828 1380 6770 9771 9596 6998 3014 4844 1009
18 7716 4888 7837 2867 9849 5163 9800 6452 2960 2231 6205 1932 7875 2662 1124 2489 2569 4557
30 2828 8630 190 4693 1090 6053 5282 5663 6742 9002 8530 832 8615 7263 9836 9632 1069 8843 2370 5172 1217 6414 9828 9616 1033 8771 1829 9693 3903 8740
16 696 7398 3608 4400 105 230 8134 9240 5473 8307 5284 693 6372 7852 1706 1344
26 477 3990 5746 6239 6003 306 970 8197 3700 1596 4727 87 5056 8983 1334 2318 6209 221 3128 1680 7154 70 1951 2019 4091 7986
26 7435 817 3758 4575 7546 1655 6842 3972 6526 4749 9392 8617 6659 6161 8182 1688 3999 3241 6187 4469 4785 2224 7742 3559 1887 3631
31 5218 9347 7704 5034 2335 3368 1986 856 1693 552 5660 9101 7697 9089 1598 9000 4121 5919 8720 6388 5946 4931 6701 3250 2252 927 4310 3687 7289 840 5891
29 6485 8290 9401 8978 1804 6029 9947 1252 4587 9118 2585 5838 9763 3242 5963 798 2306 9414 1076 1044 452 2925 8849 13 8541 6840 2862 7533 6439
20 7864 1803 9116 3663 9202 7239 4491 1067 558 1691 446 1801 7268 349 4697 6981 9317 8884 3586 1646
30 1407 3826 7116 864 3334 7567 3022 8155 6216 7665 2652 3465 4147 538 5523 3137 2144 7076 3650 2816 5346 4465 4458 145 6702 259 9792 6470 8490 3289
17 3236 7325 3085 8830 7547 1041 4567 9548 2871 1673 8052 9618 3810 9999 5811 6514 5821
20 1784 8262 9452 9595 7804 1466 4087 6953 7570 6540 7330 5496 5795 5509 1798 9885 8982 770 8701 6795
23 1512 2006 3067 8548 697 1970 210 7628 92 9033 4027 75 5989 4151 4812 6621 4324 3417 3836 7138 1204 263 8331
31 2233 9128 7346 5799 1232 1968 7633 711 5021 2829 8793 232 6891 2719 2279 973 7942 2860 8604 6835 3800 33 5814 7283 8195 7801 7409 3791 4350 3514 3478
30 9402 4511 7779 3102 8493 5879 929 4453 4718 2859 2762 2414 7099 738 5607 3001 6577 6166 1063 8777 6183 4508 4995 1731 1288 6959 7568 4962 6 7472
27 739 3575 7471 2512 9495 9805 4863 2967 152 3879 8529 6719 9234 6237 7037 2557 680 1416 8281 9515 2730 5616 1892 7335 3480 20 3619
31 4781 6110 9544 5466 6804 7648 7086 5347 9064 1884 6222 3247 1309 8864 7754 8688 4562 4457 6602 9718 7753 4238 7367 9417 5129 1427 9123 7943 8453 2770 8147
36 4208 2791 2784 2742 3188 4807 596 2635 3036 9538 7882 1250 4384 7169 3648 4775 7361 6134 8534 5180 9542 5625 9870 8081 4373 4640 3063 182 4474 8142 8861 9486 1148 1579 8001 5646
26 3148 2357 5572 8203 8902 5626 1797 9037 9475 8597 5170 553 5465 3509 7949 9908 7750 3277 3709 7660 9622 111 9656 6521 7393 3825
28 5875 2928 2957 1208 2108 3974 9911 5386 1012 9155 4043 4464 7292 3628 9350 1298 8172 3089 7625 6723 5634 3488 8891 8581 4 7714 8847 224
25 7512 9306 9556 6202 615 6021 2235 984 2105 8523 5553 7978 9708 4771 6531 784 3189 2704 6287 9390 6323 4820 796 1701 4158
25 2123 513 9559 2973 6220 9164 2250 8368 4615 4713 8303 7921 7294 5114 6878 4169 7478 9203 4780 5252 8503 7219 4140 2243 7375
34 5113 4537 7585 2198 3739 8955 9209 7342 3099 6582 7920 893 4515 255 2390 9583 4032 8873 6697 7608 2150 5288 827 7670 7596 7038 5624 8364 5617 5348 3718 2819 1304 2627
35 3208 6924 8774 6951 6420 9951 1963 9018 9180 6896 5457 3624 6905 7414 7525 3039 7021 8833 3052 2190 8360 3912 1782 525 7333 9991 1347 3600 5773 7530 2196 1191 3848 8337 465
26 6493 7104 1625 1524 4011 7149 6888 9671 7707 3330 7299 7060 2484 3187 4577 7279 5935 1133 6349 4905 845 4883 794 8690 3975 4592
25 1651 2711 4184 332 4657 6538 645 8806 3785 2035 6757 5770 9441 1810 4675 399 592 4852 6928 8016 1950 8900 5965 2692 9520
35 627 5654 5006 8224 8816 6316 8747 2952 6512 1631 7010 8998 9268 275 9230 3115 9026 4459 8628 8969 5589 4816 4182 7780 5081 593 3744 7540 1636 702 7565 8327 6931 2845 2664
27 9996 7224 9078 6245 266 3051 4764 646 2930 4664 7445 7081 2122 9362 9333 1027 8769 7308 8180 4434 3633 937 7951 8959 321 8941 8870
26 1593 1192 2043 9992 8691 4104 7627 2205 6281 7782 6490 6675 6860 4738 9236 5912 8053 2310 4315 2914 7476 9614 1306 3110 5631 2530
11 7553 5710 9602 8786 4875 2573 6090 2593 2677 3043 9916
36 2838 3029 1030 206 1177 9769 2382 2181 7092 1733 2304 9364 461 2054 163 9987 3574 6625 6542 2039 1125 5575 2995 5980 6937 7027 9745 7523 7423 944 7413 1581 1576 8137 7733 557
25 6457 9685 5332 6380 4798 6081 2107 8244 1420 3847 7781 6226 250 8845 1036 9672 4922 4288 8095 3797 8717 3390 298 1055 3588
18 945 6377 716 4564 9592 8225 4711 4128 9152 7653 2785 8347 4505 5893 564 4483 3857 5504
25 4648 608 2566 9640 9251 7712 2938 8063 1822 7062 1850 4950 2582 904 4488 1694 5207 7676 1658 8080 2221 4296 5592 4281 3643
35 5393 5500 6410 2399 6012 4020 2754 9127 6407 4356 425 7592 5534 9433 3463 6728 9706 2990 9112 6478 1409 2149 4719 9893 9365 4462 747 9426 7947 4383 108 7524 4606 7527 9532
22 9974 9459 9110 134 8539 5320 7032 8632 6259 479 1184 2823 7412 3140 1060 8091 7303 9241 9811 7131 6350 8874
19 5487 2230 1564 4482 1863 2600 9341 127 560 3904 3829 6868 7823 4543 8775 6692 8314 7433 4268
22 328 3430 7666 9575 8772 6523 3636 7019 7693 7453 1889 5448 8704 9501 7688 3254 4610 6594 6782 685 998 2818
10 166 2915 209 1233 8868 3583 5091 6753 5125 4929
25 1689 1002 853 159 9263 254 2875 1348 4209 793 2863 3606 8571 6632 2533 4271 2083 7390 480 6606 5833 3641 9977 5376 5953
23 5060 4170 6875 9543 9628 2881 9954 2854 4460 322 154 1485 8776 5165 8531 2124 44 9603 8759 8994 7758 1247 3097
29 1852 3291 6589 2275 5910 9208 2607 2882 928 214 7962 8221 6791 2331 3109 3131 7981 143 7469 3727 6445 3035 2113 6635 9765 7824 5547 4725 4120
26 4352 8575 4481 4021 8118 1553 2810 2415 3157 819 7440 4825 2325 9224 9148 2892 5349 6525 4334 2493 4448 5190 1546 6087 9334 3562
33 8629 6159 9320 7406 3068 6360 951 4028 146 7162 9604 5994 4895 833 1638 6963 6378 7132 5981 510 600 7844 5488 7992 3179 4161 3492 9797 6993 3781 9214 5293 5020
27 5856 3461 2642 1240 3114 5503 7840 8273 1441 8228 8719 17 8153 6033 7976 9966 9756 5144 4298 2067 440 6019 2610 3611 1653 4553 1139
31 3329 7768 3263 7196 559 9570 9505 9054 1584 5301 2439 692 740 4489 2129 7708 7853 1941 2282 1214 1732 6369 7487 3143 6032 3677 9637 2794 2926 675 8556
12 3202 3536 3484 5870 8436 2553 9096 5115 7841 2929 9069 1545
22 9691 5049 5307 2570 2663 1381 1501 8993 8242 4280 4974 3908 3412 6787 9253 630 5272 6096 2806 7042 9736 5174
33 9087 4112 7975 3991 4064 8554 6771 3414 7663 2404 5116 1660 7145 5201 490 7178 9722 9767 2955 3856 7556 6385 1092 1766 4751 7821 8238 7509 4172 3987 3264 3679 9915
34 3849 2455 9631 4088 8085 9738 8112 4595 5622 649 3258 7724 7931 7305 7341 7755 9778 8431 9185 6714 5729 1351 3599 6229 5703 5609 879 1938 7964 4540 4649 7123 8319 8618
13 8277 4196 4665 7373 2825 9537 4063 1246 1918 5968 1180 3838 4127
24 8979 4233 4255 8133 5158 6584 7684 9043 9917 6102 4258 5132 604 5153 995 4484 7349 7214 7297 2157 5434 7985 8808 2134
25 8715 6669 199 9625 7464 9361 7651 3141 5184 6204 5367 972 8201 7030 3440 7225 8608 1739 2734 4769 4162 329 4951 1254 4799
25 3891 3910 5562 7344 1455 8014 4062 8815 9139 5587 3045 1796 2950 5258 2242 3774 9529 573 7317 5669 4811 4506 2408 406 3589
16 499 4366 2053 4527 9615 3040 4743 746 8411 8925 8371 3405 5436 8519 2322 737
20 2293 2626 5983 8105 5464 2837 958 1964 3391 4739 6811 9327 6314 9211 8977 1540 6487 3766 9910 464
30 3572 1142 6547 4297 4493 1745 9539 4227 8164 8644 4884 3673 5250 4330 1283 6397 7047 8050 7240 3809 8066 8635 9243 9887 9067 1683 1514 9764 8430 3402
30 4200 5089 9012 1218 2518 8219 6498 9872 8504 6967 6422 7988 4714 1166 6157 5804 9136 7790 2611 4276 2285 2367 5759 9904 9099 7827 1018 1718 1547 136
24 892 8370 8198 975 933 3616 5917 5036 1369 3524 1620 8038 1612 5692 3550 8906 2430 3274 58 9775 2961 749 6266 1562
32 965 8784 601 3842 7442 7685 9681 2900 9262 7043 4756 2388 3735 1568 9219 6726 90 7125 6332 1789 3164 1174 6732 1793 6046 8341 540 302 2456 4332 2618 616
31 8328 9385 7172 9511 6438 7211 7759 8030 6893 2320 5809 1417 1787 9934 6678 5072 125 1671 8936 3956 5397 2347 4757 2251 8096 4813 3983 5362 9220 5931 1923
17 1121 7248 1186 378 4403 6066 1480 1282 8901 202 7262 2631 103 1000 2516 1805 7161
23 4624 3200 4558 9795 9314 5187 6648 7096 3062 8585 8288 5630 7647 3959 1818 7179 8584 5985 8275 5311 5652 707 1003
26 9282 8346 9487 2036 2577 241 2852 5405 7048 3790 21 4272 6833 9384 456 7699 1763 5549 8837 705 2046 9184 6348 4311 3069 3279
24 5996 8462 2495 2112 4318 3721 6132 7513 1429 8023 6306 9490 916 999 53 6543 8354 9315 4148 4721 4431 5459 3942 5254
26 9255 9830 6413 4141 7246 7901 9165 156 1257 6727 5062 3645 1383 8343 3568 534 5975 2349 2165 6631 5889 7896 3500 5666 4348 144
24 2401 4299 4703 9804 1557 4024 6618 1412 7829 5099 9810 6375 6926 5715 6083 6325 1945 7760 6250 6973 7702 7001 2286 994
28 3362 252 1779 4767 5329 2479 5411 5583 9919 806 6975 4578 3873 9055 2158 5110 6918 3831 8712 8818 123 6097 1899 8696 4977 2623 5446 437
35 4794 150 1843 3840 5539 6652 5584 907 403 1109 5298 6930 6925 3570 1819 238 4067 9331 8689 6376 7930 6254 603 8794 8276 3978 341 6693 1278 3520 1983 1909 8044 9860 3204
21 442 498 483 8079 7494 161 8804 9481 4441 2842 8339 2089 5073 7394 3902 8049 7505 186 8824 4479 3850
30 1995 839 7683 1685 633 3439 4397 2048 5134 4487 4992 1999 7871 1011 9621 4425 2650 3678 642 7159 2574 9953 5836 2946 2598 6273 690 2138 8674 4320
31 1869 7255 3921 4602 2787 5601 3435 772 3609 4206 7370 8051 319 5317 8415 9630 3397 3195 2351 752 2858 1526 8899 7348 4967 7039 3184 1633 8939 778 7467
29 2147 7554 511 9477 3493 1565 4274 1338 3425 8097 2808 9941 6513 547 2834 1965 4389 4175 5403 468 6028 1490 7946 5439 1425 669 5057 7459 9281
17 7379 922 3082 4607 1817 7029 4943 6792 2865 5845 3369 2554 3923 8156 3535 5944 9117
20 5295 1508 2352 2077 1106 1281 1537 5260 8033 3710 9322 543 7506 8733 9094 2812 176 4759 2411 1559
15 3354 69 3445 9712 5069 348 2368 147 6416 1448 8460 5391 3438 3704 7632
20 4109 2539 3105 3605 8192 3282 6366 2437 5565 77 5274 5722 5271 4289 2177 7343 4242 5825 1573 9176
27 5771 718 211 1453 2667 9284 1643 987 2281 2373 754 5262 1870 9072 9933 5203 9587 2638 7450 6440 8866 9585 6147 5798 7537 818 9770
27 9845 4050 497 8795 2781 7135 1436 3646 8809 6391 612 338 6873 3359 676 3214 3881 6691 6935 8230 5121 1617 8369 901 7563 2376 6650
22 4630 9926 6186 7380 5751 3784 709 4588 2768 8829 7291 5261 2202 1153 9854 9309 4808 9210 9383 5312 392 2724
31 5636 326 9254 3566 8854 9923 9972 9858 1725 2292 1051 2082 5026 6743 4851 7007 9798 3352 9318 5524 2555 9053 5618 7644 6508 7544 9689 5345 8888 8726 4160
31 3510 7867 9512 5495 2919 8190 6082 7274 4907 8603 6103 6921 3070 194 5259 1275 8264 8115 5568 1358 226 1895 5145 7878 4510 667 6955 1898 8372 4695 6819
16 2074 5888 1729 4940 8191 6274 2966 6562 4358 9231 5969 1582 8251 455 3107 5471
25 6296 8440 2216 3906 2464 6009 4792 7066 9264 5211 4096 2959 6682 6505 1132 6801 9081 7199 6688 9338 5316 9189 3080 6118 6917
27 5540 3199 2686 3054 2473 120 3981 4653 1891 9734 736 122 5102 1597 5849 7250 5339 4822 2469 1126 4766 1086 3637 831 1841 9753 6750
28 3786 4502 9297 6645 6119 2654 3685 9980 463 3271 779 1396 112 7599 985 4740 4026 6666 2820 5275 2824 6516 788 9787 1809 3224 4295 3229
27 7631 1904 8991 2731 6638 225 4017 8909 6121 8237 2670 1624 1668 9193 288 3332 4166 337 5231 9088 3020 7251 7269 1585 5718 3853 5900
18 6450 1223 3108 3554 7787 8995 1349 7642 4327 4819 3851 7366 4667 1844 7050 5447 4556 3638
23 5425 2425 4733 7434 6034 529 2771 4344 175 7515 7764 3211 6696 4473 2116 6442 3234 1974 4262 7408 7023 9528 9359
21 3541 9045 3083 8146 2167 8128 6357 4643 5724 444 8968 7400 339 6497 1971 9398 389 3734 6845 5455 327
11 9030 2056 1222 6402 5124 5008 6238 7362 9336 926 3012
26 409 4826 6503 2997 422 3775 629 8827 2972 5372 6451 9785 1308 1753 8199 2685 5336 7056 8032 5354 7705 8666 5077 7834 9259 811
16 364 3505 6793 1876 4365 2684 116 4039 8181 3730 6690 2750 3309 9197 4179 1022
20 1054 2783 9735 7386 8151 5713 2362 6476 4969 5824 2541 3961 227 9471 3900 9750 5812 7991 828 4790
23 2690 5621 6173 8973 8737 578 8820 5380 216 8009 3152 7385 8161 9591 2572 426 3548 9898 8919 5248 1064 1093 6789
12 8207 2896 4065 9440 286 7075 4571 7622 1405 7482 6481 757
15 9869 5182 846 8042 3038 7110 2801 4783 165 4313 7300 9600 5731 2502 805
28 5025 1518 2934 7698 4029 8298 5437 193 1979 4014 7142 3213 4620 8813 6149 9021 5947 7851 1274 5236 5337 5657 6933 6598 3533 2423 5232 6603
24 4815 9353 3319 7492 6182 942 46 2355 7457 4857 7407 6211 8553 7747 6586 5013 3803 4275 1202 3676 9095 431 3858 7731
29 4867 502 8823 4003 8768 5453 6272 7425 6587 9641 8500 6800 65 5556 3748 3660 4619 9431 7752 4513 2416 2258 4864 4444 9048 188 9936 1115 8654
21 482 95 35 4704 1886 8412 9249 2299 9835 1446 8907 2496 7895 4609 9841 932 1059 5926 2683 8404 7899
17 4717 353 1220 4594 3476 9015 3593 515 1253 3013 2334 4015 5842 3868 9668 3571 7436
21 5887 2338 8187 7692 9981 5952 1523 7778 862 8799 1255 3341 5185 5037 2878 4908 60 31 9669 8008 5265
27 5377 3666 6575 7785 9645 5400 883 76 2621 4625 9816 4746 5778 6483 5106 1237 9344 9453 2120 5924 8999 6986 2671 1043 9169 6212 424
22 6879 1896 1117 1393 8926 2931 304 4547 7944 2413 9170 3365 2101 6232 2968 8423 5972 9434 8572 4886 5159 4568
19 2780 439 9562 2639 2000 5628 7746 9809 106 8075 1790 7749 3443 3977 9593 8986 5763 3481 8727
31 5535 7465 9696 7572 6058 1601 6446 1835 3970 4300 379 9106 7987 4916 83 7462 5911 744 9244 8810 5645 8886 1742 3268 1144 4231 3931 8249 587 8980 5046
24 8040 4228 5234 5371 1123 5472 4809 8166 2956 4000 8583 2646 7855 45 571 5843 7589 5683 3343 4729 7814 9014 4554 2773
13 4154 8637 9925 6463 7979 9308 466 4284 3745 8205 9609 2814 2864
25 5507 3816 3938 9743 208 9138 4477 6579 4623 2612 2229 8605 2328 4999 532 4574 6796 7955 307 1467 1837 5591 1961 9396 9545
20 8382 6942 9483 4582 8961 686 5183 8821 5741 7973 628 6371 3166 5869 1600 7202 2193 9793 4339 4057
6 3017 1503 4411 5976 5733 7206
16 3426 9757 4869 3325 704 9177 6544 5528 9124 1280 7983 421 7350 5055 7311 5854
23 7637 1830 2856 6340 2207 921 7150 3862 6386 9838 2713 575 5958 7904 8061 8357 5987 8474 8633 8240 2013 1118 3111
27 4080 290 8681 5352 66 4930 9232 508 599 6885 6898 4012 5600 9867 449 2433 4187 8972 6687 3695 5178 8092 7416 4728 5395 7228 8083
20 3381 2192 3432 3267 2400 6167 1761 4259 7321 3919 1606 2980 8469 9445 9063 460 3084 148 4337 3688
28 9874 4107 1684 7034 4450 4270 9496 4236 9667 4167 6519 8268 5083 909 1314 5577 7723 9423 2283 6611 3658 4253 4600 3604 6895 1350 5604 2609
27 8351 7236 448 6392 9190 9751 7191 1937 6882 1008 777 7624 1071 4093 4898 3844 6162 8914 9356 7980 7826 2830 8352 8174 7863 8232 9878
22 8157 4830 5678 4645 9564 3669 7498 2359 5313 9661 7328 7995 6299 2097 4827 8912 1703 7059 4753 107 1599 9721
17 8835 3411 6634 3047 2409 5267 1352 3482 843 8413 3498 2645 4486 7807 2939 5147 6073
30 9744 4938 9527 5690 3326 4130 2260 2095 2121 5959 3127 8627 4357 2452 6415 8903 9727 8855 5000 9699 5152 9715 6022 8355 6005 4408 7184 4996 2185 8463
11 3866 4686 9613 5135 6762 659 2565 2346 1616 620 6018
30 9890 2031 611 2059 7534 8062 9478 5708 5210 8289 1767 2506 5097 4454 6734 3707 9597 2733 3081 4581 651 6236 3932 7740 4392 7052 5581 4424 6881 6242
28 5017 8614 3119 9576 177 1583 9928 8800 4249 1656 1592 5140 6137 8842 1672 9969 6091 1816 3884 7828 36 2503 1279 390 4054 5388 6434 6405
7 7430 3193 934 2412 6249 7280 4818
16 212 6000 1627 572 6133 3770 369 1710 8857 724 6184 9824 8923 9747 4049 1137
24 9944 8338 7580 57 3116 6580 9159 1459 9229 151 5730 3979 2068 1622 4674 4478 1780 5412 6472 8949 6291 4079 1488 6518
19 2649 1491 7382 4205 871 3867 6067 4784 3231 4343 6201 8492 863 5168 2587 5633 2620 535 2839
22 1276 3544 8419 9345 2060 1319 1073 2017 4963 5796 2420 5430 3822 7421 4005 5131 899 6317 3349 2210 2253 8397
17 47 172 5351 9492 9135 9242 2979 9132 462 1376 1440 3552 1366 2114 5024 3529 3288
27 6836 1908 8856 4658 607 4605 4331 4089 1259 2246 6203 3077 6730 2546 4323 6020 7418 487 6079 8679 6899 6731 6107 7603 438 3126 5637
25 3557 6356 6601 4880 4966 7387 4776 2948 8662 9574 670 6353 6326 4881 9739 4152 4900 7970 3558 1437 4760 2888 5922 301 1341
15 435 8348 102 9429 6989 9186 3508 2499 1648 6852 3728 289 4896 4052 6853
21 6711 8521 935 6076 3205 2343 2272 6684 2063 8616 1357 4614 5175 824 3419 7835 3240 1021 5138 8311 4018
20 2904 1206 9742 7762 4584 7857 4472 4533 6712 3222 3078 6142 5639 6988 7426 6817 7051 6876 4823 7356
27 8410 3966 6615 1365 3513 374 3623 8018 7207 865 5289 2417 5278 918 1468 742 8844 4765 884 6964 6194 7593 4283 8929 9198 7112 7410
13 5920 8940 1845 595 826 8220 5550 2206 4074 2694 4941 1295 8070
24 9286 9680 7277 100 2776 7276 2527 2702 4939 2319 7363 4912 7582 155 6347 5905 8709 9059 8365 3479 8255 5079 8655 4604
16 168 4404 3936 3494 3299 183 6030 6738 5035 2549 1936 8913 1952 5404 5647 3185
12 4048 6657 4638 5700 6683 8253 4926 2807 2096 8468 2100 1758
26 7876 4973 761 9410 9647 9075 189 6041 3757 582 9498 2978 4382 1920 4925 124 1687 5542 3998 4402 2472 7833 1812 9427 1751 906
28 284 665 507 3366 8403 7730 1862 1110 2220 6909 2630 5268 37 6629 6298 217 4336 7396 551 1268 1520 3071 1848 9154 5499 2833 8279 9461
25 3066 656 6729 2119 4119 8869 9248 4677 3044 4085 7763 7650 7454 7137 104 748 8522 1807 2195 3456 1506 8685 1495 7953 5533
21 4153 98 7193 3818 494 2969 9526 6910 9436 9335 7820 1053 7388 2239 7233 706 4422 9465 2094 6015 2007
22 655 6474 2041 1465 9610 5642 4171 7856 6744 5801 5243 9902 2284 9801 632 1361 3649 9973 6383 3835 9200 7432
20 6409 9579 8263 7903 4561 3963 4204 6830 5093 8738 8077 9509 5797 3162 6448 4303 3626 5949 4305 6441
24 1260 8791 3270 7994 8785 5382 1799 4111 6036 3967 9534 9337 6604 8381 8048 451 9578 6419 2637 8684 2827 6991 5817 9876
28 7602 1997 1580 5511 4291 9419 671 3778 6283 7907 2515 3499 4773 8551 1741 7298 6846 6854 7397 8812 1457 3563 9726 2223 2798 2491 2211 6158
22 9105 6984 6703 9130 5815 5045 6243 3997 7267 3501 9462 3841 3178 4155 2088 7858 6887 3175 4010 9986 7165 4904
20 6718 5602 1977 6078 8695 6172 2809 7609 7672 6617 6977 2494 220 2466 9728 3094 8418 1374 3388 18
22 4246 4666 6398 9832 617 6336 3451 4195 6163 1302 9701 5878 8027 1736 2062 3088 6394 1549 9540 1234 4308 1377
14 9586 2916 2799 8609 2857 2395 7316 9192 5041 3948 1626 3033 5960 7458
18 8536 7337 5291 8671 7777 993 3793 4699 9346 184 870 9258 5229 1795 7696 4516 3180 2337
15 2605 640 8034 4544 5422 8306 7584 3060 4192 1241 3100 5127 6872 3702 8838
28 419 2440 5477 9620 9949 8742 9684 7309 9222 3133 6297 1934 1800 9022 1702 1065 7177 6776 2560 2712 2615 5392 3954 8964 8515 427 9467 5536
23 4225 4782 4656 8937 5043 4958 3393 3896 7691 1831 5670 7587 2268 9880 6803 2462 7590 6841 6972 9206 4676 4174 4390
18 7243 4410 4520 1470 4470 5929 7743 6061 8390 7848 1423 5327 6766 8389 6108 7717 4752 2880
24 3632 8653 2140 3732 2696 1152 4744 1299 2846 5635 7701 9292 2344 2632 7549 1486 4748 5103 6957 362 2080 5749 5596 6151
19 318 5662 6089 3952 7569 9370 938 1911 2151 3145 1316 1996 8944 1917 3515 5410 6311 3304 2608
27 3717 5892 5303 3370 6261 3958 6570 2706 4347 6999 8743 8136 8345 5704 6486 1140 6826 8036 4509 49 792 6844 8858 9446 6546 8138 9004
21 135 6128 7662 3194 6213 2640 244 2110 7843 959 1591 7879 4351 9212 6504 682 5522 8402 1452 6715 5361
14 7000 164 6048 3760 8763 50 814 5605 7838 1049 8561 51 3705 2289
23 3875 1723 1430 5830 9964 5835 516 1392 8918 9994 9358 9955 3808 361 6777 528 3582 9663 4680 1987 8139 2287 4522
15 6922 5156 992 8882 4034 674 3429 4559 5042 3316 2153 2213 512 149 2528
16 4285 4250 2333 986 6871 4070 7260 6600 8340 236 68 4928 9676 3612 1287 8211
18 9349 7794 280 8819 5122 2244 4626 7797 43 7212 8084 8315 6929 6889 9223 756 4203 1141
14 1994 3058 4137 8110 292 1346 1859 3909 3314 4114 395 1339 8602 360
21 5955 1873 3701 881 5847 5064 2601 7065 7368 5548 2084 8438 5950 1413 4142 2188 7338 7681 2815 1014 3741
26 802 7690 3789 9617 7256 3181 2477 4302 2366 5519 8064 5651 3150 3962 8992 370 8060 4631 7725 1775 3642 8678 9606 2460 2474 8433
19 780 3220 233 2141 8814 3174 7090 171 8143 4621 7969 6324 878 1397 3324 9147 8797 1095 2492
29 5732 1647 475 9273 2360 4971 2568 9881 1603 2228 7004 2341 3123 256 7195 7072 8651 7738 3320 1462 8577 2962 2746 299 8145 3995 7577 9371 1052
29 3602 5668 1913 531 2434 6247 294 2906 1716 281 9420 4734 9508 2844 663 9774 5520 9086 6754 1388 3006 9076 5800 1517 7859 9690 7489 8320 6665
23 2537 5240 3615 1245 7732 7745 8272 6197 9001 8126 3595 5384 3395 5257 6037 625 6781 1928 7559 5644 844 8082 6911
19 9657 2937 767 5310 7103 1179 8312 1960 3454 8705 7286 2749 9665 1717 9855 3706 6623 765 9803
17 6425 5779 1529 1871 6138 6363 4316 9978 5851 6555 346 3996 351 1173 5685 1669 3028
12 3885 7686 2660 9047 4991 1161 644 1158 5251 1077 9196 6569
21 7174 5287 7643 5033 2648 8494 4550 3547 518 6862 9943 7832 9448 1155 7336 1107 6109 3944 2759 4230 2998
24 8796 9065 1239 6374 4045 5702 7143 4802 8767 6863 22 6556 3455 3521 6758 2012 8002 6145 8358 5745 9891 1303 4795 2298
24 4396 9457 1487 7808 8485 6426 5569 4406 5155 4248 6085 6444 4232 8247 8676 6054 6072 7126 4183 4391 2450 955 3441 4286
17 9179 3477 3117 8300 584 6181 3992 2765 4430 9886 8336 7302 6126 6400 5945 4949 579
18 2180 9761 9394 2924 7769 524 6641 4125 4219 3689 8107 6224 5330 5438 9760 6065 1991 2669
19 415 7113 4314 2375 5999 11 5537 7403 3237 9946 723 4923 4427 323 9013 2458 602 7183 5973
21 8259 6805 8506 3466 5725 10 8400 1513 9682 7897 4847 3801 6351 7910 5414 2779 7850 1398 2993 9454 7424
15 1587 2209 1211 5995 7339 6610 3360 8852 8394 664 5264 410 3681 1147 5661
15 1324 5695 2954 5356 3691 342 1748 3135 8745 2644 3980 3916 4736 2836 7057
8 3802 5238 4552 7613 1375 5468 605 7522
16 1902 2613 3364 115 9822 5709 2468 8007 9418 5200 7105 6936 1085 5048 2594 3742
9 660 8353 6013 872 4036 4395 4201 5199 9530
24 9375 8094 9975 5160 6268 2548 4539 7791 3416 5308 4429 6006 1806 4333 6568 6233 9279 8611 6673 6343 6285 5148 6958 2457
14 1146 5004 517 5002 42 1187 1925 5638 7526 2488 7539 5580 9552 8043
14 9199 6716 2270 6179 3874 4456 6591 3516 4599 6302 4399 4354 5978 679
24 7479 9561 3657 138 7894 9474 3449 4168 6552 6308 2311 8887 3018 1975 3301 9126 2182 2625 7359 7307 8790 401 5342 5855
17 2653 5374 458 6677 6443 5527 1747 5032 5904 6318 363 5164 5492 5588 5028 5897 6834
18 5375 1143 9421 2861 8656 5357 2256 6429 1906 7695 8839 8677 6017 1028 6136 5322 2326 8606
8 9678 9897 2330 7793 2037 8692 4471 9494
17 7682 4872 1943 3754 1922 2687 8930 868 4708 1238 6768 2725 1336 8657 9290 2786 2172
17 4986 9276 1189 1700 5564 5323 1561 6235 689 5389 434 293 5705 6464 7545 2890 820
24 4786 4256 6188 485 2885 5481 412 4843 4688 6609 8549 6763 9683 1167 5427 2616 158 9261 3125 407 891 8762 2550 8879
15 4639 1738 1062 6832 5076 3751 4747 581 6509 4573 9500 3733 6153 4968 5737
17 1762 2394 6279 1476 1248 9319 2841 3308 4340 1130 3159 8283 9510 2269 6075 3177 835
11 2482 7636 1880 4146 5328 5151 8454 2361 5942 1074 7719
10 4913 4415 9438 6114 3356 9142 4368 2148 9416 8596
19 1294 91 2173 1391 5219 9823 7383 5098 8013 5401 2018 9125 1122 3302 6275 7437 7950 317 898
14 7548 5169 5031 4866 1096 6548 1714 4420 2853 9814 2064 131 8152 9711
20 9068 2240 5632 4689 6571 5658 433 4890 5475 1262 3342 7578 9108 4492 5974 5531 2098 3715 6685 12
3 5982 5612 7621
24 4555 3345 514 3622 8058 7415 215 1861 4378 5023 5785 731 8471 9312 9531 7443 3306 270 8756 9036 5791 8501 488 4267
13 1676 23 9233 3805 3634 3937 6867 9271 4589 650 4180 1813 1195
19 2171 9516 4159 8186 5305 8540 274 887 6612 3331 5739 6124 8443 4603 9178 6417 1367 4611 8429
13 7448 1081 8981 5764 1539 8017 5005 1905 7016 7773 8183 9960 7906
12 3169 2075 7516 1389 9998 126 4805 2431 5478 8321 7136 9507
19 5241 97 1433 4899 1783 2364 5068 8252 6077 591 3943 4933 7607 1157 8714 4774 5209 9997 5977
19 6643 2802 5962 9817 6722 4651 4590 7588 8387 1477 2832 3382 7128 8202 7053 5831 7938 3041 5150
21 5766 9381 715 9238 1368 9983 4768 4388 8250 6608 5326 9605 2655 4954 9932 1108 2014 1112 2628 3671 4741
11 6399 5861 9377 1089 6354 1484 5075 9260 1802 8488 807
17 8876 2187 7555 7271 2025 4981 4317 5930 2803 4548 8706 1881 6828 9984 6941 6148 7281
20 85 2044 1443 8560 9424 3146 1692 4301 1711 347 2918 2427 1080 1445 6468 8451 3576 5065 9061 8482
20 2831 2661 9062 9288 6178 8491 8598 7935 4235 3266 2700 1057 556 4960 3198 9856 367 2870 3914 5813
10 4709 7576 249 8826 235 7972 5762 1893 4691 1015
21 3338 7216 4858 8953 387 947 67 7560 1235 7461 9688 5128 6869 179 373 7218 3872 7087 436 5413 1312
9 6313 9962 377 365 3845 9479 9397 5166 6686
21 7535 5014 7197 6393 7542 9299 5582 9163 4173 3283 9664 9895 4737 7084 5691 5276 9005 869 5224 1301 8607
20 708 6946 9896 1198 9300 3846 2345 4591 3473 4730 7063 8526 205 8287 7358 5927 8132 99 5141 5485
14 8665 2675 4834 1820 9584 9659 1037 9295 8805 6549 8859 4672 4181 8385
18 8167 5914 8366 7205 7009 8621 5233 8669 1538 1119 9034 4952 2743 8802 2970 9296 8216 8
17 5366 9070 2558 9729 1875 3295 6619 7630 9848 3448 6382 7658 6489 1219 2764 7977 56
17 6639 5579 9963 3798 408 9779 9658 3413 1068 3590 6303 750 5338 7290 5407 7310 2940
14 5088 4497 2866 9269 7273 6528 5483 6256 2168 4763 1665 8130 8313 797
20 1263 9846 9357 6344 1197 7872 9368 1681 776 7402 9456 9425 6511 4889 3804 237 5325 5932 6573 6461
19 6251 9655 388 2874 8550 1424 7220 8344 1340 1094 2965 2371 9201 2387 8558 8409 6520 3971 9024
19 1331 6484 4800 8401 402 3592 5340 4660 5309 6129 344 8417 4110 1760 4707 7776 7204 3252 729
13 2480 7604 1785 6855 4650 5119 903 7919 3192 882 6411 9642 2152
7 7282 2288 5793 7201 8885 1103 6143
20 7595 691 4944 2065 8103 5256 7194 3534 9571 9547 9400 9488 5196 1919 5418 504 1759 1868 8384 4393
16 4371 1475 5001 2796 2309 8646 527 3323 7497 9866 5498 3852 5461 4083 7606 4273
17 6698 4617 4328 5221 3007 1695 3379 1224 4526 5993 7908 8472 4797 7257 9921 2133 4220
18 1182 5803 2290 3305 9789 6769 6779 889 129 9686 7703 781 3226 2249 6011 8707 1356 234
17 5701 5844 1364 8446 816 6146 537 1690 1824 1533 7517 1712 3357 3941 4726 8836 3870
16 2291 6737 4989 1193 8072 3556 4523 5877 4191 8322 915 1127 5489 197 2908 3522
19 1494 3839 6460 5610 7918 1590 7819 7351 385 3511 9732 2232 6295 8497 191 3486 3415 258 9025
8 7068 2547 9720 2234 6680 5226 5839 9146
20 2406 3155 5123 808 4685 2438 4033 4770 9821 701 2739 6001 4946 6276 653 9115 1556 4412 4077 8948
18 9265 8990 6094 4113 9167 320 7507 9403 2936 1451 520 5 5774 5961 7739 7888 9493 1699
19 990 542 7508 3765 4221 5133 7288 9183 260 2567 8427 787 917 5772 785 8723 7261 3703 5368
19 7118 178 9388 352 7422 3173 4701 9843 6778 9080 1026 5416 6315 5574 5365 7989 7083 8683 637
13 9948 2884 969 9639 8502 2125 4569 5943 7741 4370 2222 2666 5886
7 1846 821 5915 6904 1907 492 5044
9 1098 9228 4449 384 4878 2099 6355 3322 3298
16 5193 7715 2156 2248 3285 4608 2851 6948 4801 6055 9961 7254 2510 9443 526 9601
16 6359 3228 2989 8125 3079 2561 3686 7583 4419 8846 8466 1571 5834 308 4418 6979
12 5951 4838 2087 841 6027 9386 9245 1744 1607 4401 9266 296
20 5087 8645 2921 9303 5208 6292 1395 1471 473 9651 7098 1164 5696 9235 1007 7845 6408 8663 2879 9484
9 2543 4528 4754 5840 1704 631 804 7427 5011
7 1325 7532 9623 2910 9968 93 8563
5 7729 5903 1542 5162 2767
10 867 8229 8788 8162 5916 3581 5030 4534 2747 5599
16 7761 2680 15 7296 6047 6262 6996 3939 8672 334 1434 336 6976 14 5399 8636
16 9952 1004 2893 3610 9103 9366 6829 877 4452 1654 609 2201 7634 2775 3964 900
20 8243 5899 6248 2901 2021 4044 8074 1832 4188 7405 6530 8498 7890 743 4678 62 1483 9599 2643 1847
16 74 4163 52 7926 7842 4092 4359 2789 2876 1610 9098 8752 9808 1662 3886 7813
11 2045 7984 5941 8904 1756 1031 2443 2486 3280 5521 7374
5 9812 5967 7122 4252 5067
16 3373 979 8620 6406 8177 6522 6176 9447 941 2010 503 8388 2475 7756 8908 7600
19 1644 4247 5782 8988 5247 6423 5139 4970 6025 9629 3920 9865 3711 2058 2146 7495 4447 6217 1403
8 949 9741 6699 2218 6038 6655 8841 7025
16 6331 799 9826 5767 6940 6798 875 1618 9518 5109 6668 8483 8235 4129 9861 3327
14 9408 6907 2534 8650 4906 3101 1770 4082 2763 2342 5784 2624 9567 1408
8 9133 4433 9298 7909 8011 5423 7597 469
9 9272 9031 8159 6883 1842 6583 4972 7836 6914
16 967 9859 1203 7164 7645 9278 2204 1171 2873 1632 4945 5194 5918 9777 1285 8089
9 8542 7770 8099 7147 167 4367 5096 822 1479
16 7187 8987 8511 880 4964 8725 5420 9442 4100 6432 2022 1156 9590 1954 3260 6057
14 7275 285 7566 9884 5470 7735 996 1839 3385 207 3911 8716 4998 4901
10 9027 5452 8638 310 5456 5463 264 8639 1390 9648
15 6098 4853 1176 3269 4038 924 1914 4789 5561 3136 687 1574 3206 2136 4463
12 3895 7334 5909 594 9153 2047 9883 1858 8269 5641 5871 9568
16 9553 8928 3075 7384 6290 3154 3011 6679 8294 8233 4612 3933 6092 413 834 5095
11 3694 4002 1029 2175 5986 6995 983 8399 1765 6524 1284
10 1930 6104 3340 5780 9107 8408 1404 38 4416 9432
15 2174 9882 8416 3561 1774 6880 3065 9355 7939 4712 6131 1851 1056 4436 9840
15 2898 1541 852 8933 8127 786 974 1696 7155 2542 2699 9924 6049 7902 810
14 7078 4086 8547 4055 6581 1566 8920 6620 7541 9102 4385 3934 9051 7044
14 3469 7490 2945 8545 4075 1034 4565 4762 9122 1657 3363 1070 3464 265
15 509 890 3854 4266 1317 4279 2478 333 5681 4560 2708 1678 1821 6761 2877
2 1855 9703
11 3986 9784 2994 7635 8280 1321 358 2071 6892 3683 8893
16 5619 4787 9143 1897 866 2595 4947 1727 1502 7504 7887 4386 7089 2723 5450 3002
12 3507 5664 6042 4874 7800 1265 4439 2575 1608 8880 755 2886
8 8801 4892 5486 6578 3072 9862 8927 8422
15 2467 6848 3474 7865 9085 8649 4518 1402 1435 201 6947 7815 4116 4108 6477
18 2315 7120 3924 3714 9113 4919 1116 3630 9958 7238 7652 3764 7185 8985 4215 7491 140 6390
11 8316 1188 4628 6231 1834 257 1926 1136 6813 1828 8047
17 7830 2241 8661 5292 7130 5421 1719 6755 7168 681 8570 848 8012 7473 8514 8626 1645
12 8664 5462 9513 3292 7340 28 703 6169 3497 2953 6330 3056
